
============================================================
ANSWER DISTRIBUTION (AFTER BALANCING)
============================================================

Multiple Choice Distribution:
  A: 2 (50.0%)
  B: 1 (25.0%)
  D: 1 (25.0%)

True/False Distribution:
  True: 1 (50.0%)
  False: 1 (50.0%)

Multiple Answer Questions: 2 (shuffled)


============================================================
ANSWER DISTRIBUTION (AFTER BALANCING)
============================================================

Multiple Choice Distribution:
  B: 2 (50.0%)
  C: 1 (25.0%)
  D: 1 (25.0%)

True/False Distribution:
  True: 1 (50.0%)
  False: 1 (50.0%)

Multiple Answer Questions: 2 (shuffled)

